<?xml version="1.0" encoding="UTF-8"?>
<!-- Generated by org.testng.reporters.JUnitReportReporter -->
<testsuite hostname="Nolij-0328" failures="0" tests="1" name="com.abc.applications.i94.scripts.ApplyNow" time="18.126" errors="0" timestamp="2021-03-19T15:15:19 EDT" skipped="0">
  <testcase classname="com.abc.applications.i94.scripts.ApplyNow" name="testApplyNow" time="18.126"/>
  <system-out/>
</testsuite> <!-- com.abc.applications.i94.scripts.ApplyNow -->
