<?xml version="1.0" encoding="UTF-8"?>
<!-- Generated by org.testng.reporters.JUnitReportReporter -->
<testsuite hostname="Nolij-0328" failures="0" tests="1" name="com.abc.applications.i94.scripts.I94ApplyNow" time="24.266" errors="0" timestamp="2021-03-22T14:17:39 EDT" skipped="0">
  <testcase classname="com.abc.applications.i94.scripts.I94ApplyNow" name="testI94ApplyNow" time="24.266"/>
  <system-out/>
</testsuite> <!-- com.abc.applications.i94.scripts.I94ApplyNow -->
