<?xml version="1.0" encoding="UTF-8"?>
<!-- Generated by org.testng.reporters.JUnitReportReporter -->
<testsuite hostname="Nolij-0328" failures="0" tests="1" name="com.abc.applications.sample.scripts.AccountMenu" time="10.692" errors="0" timestamp="2021-03-23T13:48:57 EDT" skipped="0">
  <testcase classname="com.abc.applications.sample.scripts.AccountMenu" name="testAccountMenu" time="10.692"/>
  <system-out/>
</testsuite> <!-- com.abc.applications.sample.scripts.AccountMenu -->
