<?xml version="1.0" encoding="UTF-8"?>
<!-- Generated by org.testng.reporters.JUnitReportReporter -->
<testsuite hostname="Nolij-0328" failures="0" tests="1" name="com.abc.applications.i94.scripts.I94GroupUpload" time="16.805" errors="0" timestamp="2021-03-24T12:32:01 EDT" skipped="0">
  <testcase classname="com.abc.applications.i94.scripts.I94GroupUpload" name="I94testGroupUpload" time="16.805"/>
  <system-out/>
</testsuite> <!-- com.abc.applications.i94.scripts.I94GroupUpload -->
