<?xml version="1.0" encoding="UTF-8"?>
<!-- Generated by org.testng.reporters.JUnitReportReporter -->
<testsuite skipped="0" hostname="LAPTOP-2BGIP9DO" name="com.abc.misc.SendEmailWithAttachment" tests="1" failures="0" timestamp="26 Mar 2021 16:29:02 GMT" time="1.974" errors="0">
  <testcase name="testSendEmailWithAttachment" time="1.974" classname="com.abc.misc.SendEmailWithAttachment"/>
</testsuite> <!-- com.abc.misc.SendEmailWithAttachment -->
