<?xml version="1.0" encoding="UTF-8"?>
<!-- Generated by org.testng.reporters.JUnitReportReporter -->
<testsuite skipped="0" hostname="LAPTOP-2BGIP9DO" name="com.abc.misc.SendEmailWithAttachment" tests="1" failures="0" timestamp="29 Mar 2021 12:35:20 GMT" time="5.363" errors="0">
  <testcase name="testSendEmailWithAttachment" time="5.363" classname="com.abc.misc.SendEmailWithAttachment"/>
</testsuite> <!-- com.abc.misc.SendEmailWithAttachment -->
