<?xml version="1.0" encoding="UTF-8"?>
<!-- Generated by org.testng.reporters.JUnitReportReporter -->
<testsuite hostname="Nolij-0328" failures="0" tests="1" name="com.abc.applications.esta.scripts.EstaApplyNow" time="7.608" errors="0" timestamp="2021-03-24T13:39:13 EDT" skipped="0">
  <testcase classname="com.abc.applications.esta.scripts.EstaApplyNow" name="estaApplyNow" time="7.608"/>
  <system-out/>
</testsuite> <!-- com.abc.applications.esta.scripts.EstaApplyNow -->
