<?xml version="1.0" encoding="UTF-8"?>
<!-- Generated by org.testng.reporters.JUnitReportReporter -->
<testsuite hostname="Nolij-0328" failures="0" tests="1" name="com.abc.applications.i94.scripts.I94ApplyNow" time="14.186" errors="0" timestamp="2021-03-24T12:32:01 EDT" skipped="0">
  <testcase classname="com.abc.applications.i94.scripts.I94ApplyNow" name="I94testApplyNow" time="14.186"/>
  <system-out/>
</testsuite> <!-- com.abc.applications.i94.scripts.I94ApplyNow -->
