<?xml version="1.0" encoding="UTF-8"?>
<!-- Generated by org.testng.reporters.JUnitReportReporter -->
<testsuite hostname="Nolij-0328" failures="0" tests="1" name="com.abc.applications.i736.scripts.I736ApplyNow" time="6.395" errors="0" timestamp="2021-03-24T13:39:13 EDT" skipped="0">
  <testcase classname="com.abc.applications.i736.scripts.I736ApplyNow" name="i736ApplyNow" time="6.395"/>
  <system-out/>
</testsuite> <!-- com.abc.applications.i736.scripts.I736ApplyNow -->
